Flow report for c5gt_gen2x4_mSGMDA
Mon Jun 11 16:11:58 2018
Quartus Prime Version 15.1.0 Build 185 10/21/2015 SJ Lite Edition


---------------------
; Table of Contents ;
---------------------
  1. Legal Notice
  2. Flow Summary
  3. Flow Settings
  4. Flow Non-Default Global Settings
  5. Flow Elapsed Time
  6. Flow OS Summary
  7. Flow Log
  8. Flow Messages
  9. Flow Suppressed Messages



----------------
; Legal Notice ;
----------------
Copyright (C) 1991-2015 Altera Corporation. All rights reserved.
Your use of Altera Corporation's design tools, logic functions 
and other software and tools, and its AMPP partner logic 
functions, and any output files from any of the foregoing 
(including device programming or simulation files), and any 
associated documentation or information are expressly subject 
to the terms and conditions of the Altera Program License 
Subscription Agreement, the Altera Quartus Prime License Agreement,
the Altera MegaCore Function License Agreement, or other 
applicable license agreement, including, without limitation, 
that your use is for the sole purpose of programming logic 
devices manufactured by Altera and sold by Altera or its 
authorized distributors.  Please refer to the applicable 
agreement for further details.



+-------------------------------------------------------------------------------+
; Flow Summary                                                                  ;
+---------------------------------+---------------------------------------------+
; Flow Status                     ; Successful - Mon Jun 11 16:11:58 2018       ;
; Quartus Prime Version           ; 15.1.0 Build 185 10/21/2015 SJ Lite Edition ;
; Revision Name                   ; c5gt_gen2x4_mSGMDA                          ;
; Top-level Entity Name           ; test_top                                    ;
; Family                          ; Cyclone V                                   ;
; Device                          ; 5CGTFD9E5F35C7                              ;
; Timing Models                   ; Final                                       ;
; Logic utilization (in ALMs)     ; N/A                                         ;
; Total registers                 ; 2120                                        ;
; Total pins                      ; 513                                         ;
; Total virtual pins              ; 0                                           ;
; Total block memory bits         ; 0                                           ;
; Total DSP Blocks                ; 0                                           ;
; Total HSSI RX PCSs              ; 0                                           ;
; Total HSSI PMA RX Deserializers ; 0                                           ;
; Total HSSI TX PCSs              ; 0                                           ;
; Total HSSI PMA TX Serializers   ; 0                                           ;
; Total PLLs                      ; 0                                           ;
; Total DLLs                      ; 0                                           ;
+---------------------------------+---------------------------------------------+


+-----------------------------------------+
; Flow Settings                           ;
+-------------------+---------------------+
; Option            ; Setting             ;
+-------------------+---------------------+
; Start date & time ; 06/11/2018 16:11:33 ;
; Main task         ; Compilation         ;
; Revision Name     ; c5gt_gen2x4_mSGMDA  ;
+-------------------+---------------------+


+-------------------------------------------------------------------------------------------------------------------------------------+
; Flow Non-Default Global Settings                                                                                                    ;
+-----------------------------------------+---------------------------------------+--------------------+-------------+----------------+
; Assignment Name                         ; Value                                 ; Default Value      ; Entity Name ; Section Id     ;
+-----------------------------------------+---------------------------------------+--------------------+-------------+----------------+
; COMPILER_SIGNATURE_ID                   ; 48710647457485.152872269307652        ; --                 ; --          ; --             ;
; ECO_REGENERATE_REPORT                   ; On                                    ; Off                ; --          ; --             ;
; EDA_DESIGN_INSTANCE_NAME                ; NA                                    ; --                 ; --          ; math_tb        ;
; EDA_NATIVELINK_SIMULATION_TEST_BENCH    ; math_tb                               ; --                 ; --          ; eda_simulation ;
; EDA_OUTPUT_DATA_FORMAT                  ; Vhdl                                  ; --                 ; --          ; eda_simulation ;
; EDA_SIMULATION_TOOL                     ; ModelSim-Altera (VHDL)                ; <None>             ; --          ; --             ;
; EDA_TEST_BENCH_ENABLE_STATUS            ; TEST_BENCH_MODE                       ; --                 ; --          ; eda_simulation ;
; EDA_TEST_BENCH_FILE                     ; math_tb.vhd                           ; --                 ; --          ; math_tb        ;
; EDA_TEST_BENCH_MODULE_NAME              ; math_tb                               ; --                 ; --          ; math_tb        ;
; EDA_TEST_BENCH_NAME                     ; math_tb                               ; --                 ; --          ; eda_simulation ;
; ENABLE_SIGNALTAP                        ; Off                                   ; --                 ; --          ; --             ;
; FITTER_EFFORT                           ; Standard Fit                          ; Auto Fit           ; --          ; --             ;
; MAX_CORE_JUNCTION_TEMP                  ; 85                                    ; --                 ; --          ; --             ;
; MIN_CORE_JUNCTION_TEMP                  ; 0                                     ; --                 ; --          ; --             ;
; OPTIMIZATION_TECHNIQUE                  ; Speed                                 ; Balanced           ; --          ; --             ;
; OPTIMIZE_POWER_DURING_FITTING           ; Off                                   ; Normal compilation ; --          ; --             ;
; OPTIMIZE_POWER_DURING_SYNTHESIS         ; Off                                   ; Normal compilation ; --          ; --             ;
; OUTPUT_IO_TIMING_FAR_END_VMEAS          ; Half Signal Swing                     ; --                 ; --          ; --             ;
; OUTPUT_IO_TIMING_FAR_END_VMEAS          ; Half Signal Swing                     ; --                 ; --          ; --             ;
; OUTPUT_IO_TIMING_NEAR_END_VMEAS         ; Half Vccio                            ; --                 ; --          ; --             ;
; OUTPUT_IO_TIMING_NEAR_END_VMEAS         ; Half Vccio                            ; --                 ; --          ; --             ;
; PARTITION_COLOR                         ; 16764057                              ; --                 ; test_top    ; Top            ;
; PARTITION_FITTER_PRESERVATION_LEVEL     ; PLACEMENT_AND_ROUTING                 ; --                 ; test_top    ; Top            ;
; PARTITION_NETLIST_TYPE                  ; SOURCE                                ; --                 ; test_top    ; Top            ;
; PHYSICAL_SYNTHESIS_COMBO_LOGIC          ; On                                    ; Off                ; --          ; --             ;
; PHYSICAL_SYNTHESIS_REGISTER_DUPLICATION ; On                                    ; Off                ; --          ; --             ;
; PHYSICAL_SYNTHESIS_REGISTER_RETIMING    ; On                                    ; Off                ; --          ; --             ;
; POWER_BOARD_THERMAL_MODEL               ; None (CONSERVATIVE)                   ; --                 ; --          ; --             ;
; POWER_PRESET_COOLING_SOLUTION           ; 23 MM HEAT SINK WITH 200 LFPM AIRFLOW ; --                 ; --          ; --             ;
; PROJECT_OUTPUT_DIRECTORY                ; output_files                          ; --                 ; --          ; --             ;
; SEARCH_PATH                             ; output_files/                         ; --                 ; --          ; --             ;
; SEED                                    ; 100                                   ; 1                  ; --          ; --             ;
; STRATIXII_CARRY_CHAIN_LENGTH            ; 200                                   ; 70                 ; --          ; --             ;
; TOP_LEVEL_ENTITY                        ; test_top                              ; c5gt_gen2x4_mSGMDA ; --          ; --             ;
; USE_DLL_FREQUENCY_FOR_DQS_DELAY_CHAIN   ; On                                    ; Off                ; --          ; --             ;
; USE_SIGNALTAP_FILE                      ; stp1.stp                              ; --                 ; --          ; --             ;
+-----------------------------------------+---------------------------------------+--------------------+-------------+----------------+


+--------------------------------------------------------------------------------------------------------------------------+
; Flow Elapsed Time                                                                                                        ;
+----------------------+--------------+-------------------------+---------------------+------------------------------------+
; Module Name          ; Elapsed Time ; Average Processors Used ; Peak Virtual Memory ; Total CPU Time (on all processors) ;
+----------------------+--------------+-------------------------+---------------------+------------------------------------+
; Analysis & Synthesis ; 00:00:25     ; 1.0                     ; 1008 MB             ; 00:00:37                           ;
; Total                ; 00:00:25     ; --                      ; --                  ; 00:00:37                           ;
+----------------------+--------------+-------------------------+---------------------+------------------------------------+


+-----------------------------------------------------------------------------------+
; Flow OS Summary                                                                   ;
+----------------------+------------------+-----------+------------+----------------+
; Module Name          ; Machine Hostname ; OS Name   ; OS Version ; Processor type ;
+----------------------+------------------+-----------+------------+----------------+
; Analysis & Synthesis ; WS02MU009        ; Windows 8 ; 6.2        ; x86_64         ;
+----------------------+------------------+-----------+------------+----------------+


------------
; Flow Log ;
------------
quartus_map --read_settings_files=on --write_settings_files=off math -c c5gt_gen2x4_mSGMDA



